[35m[1mScanning dependencies of target geo_transform[0m
[ 50%] [32mBuilding CXX object CMakeFiles/geo_transform.dir/src/geo_transform.cpp.o[0m
In file included from [01m[K/usr/include/c++/9/numeric:62[m[K,
                 from [01m[K/opt/ros/foxy/include/libstatistics_collector/moving_average_statistics/moving_average.hpp:23[m[K,
                 from [01m[K/opt/ros/foxy/include/libstatistics_collector/collector/collector.hpp:22[m[K,
                 from [01m[K/opt/ros/foxy/include/libstatistics_collector/topic_statistics_collector/topic_statistics_collector.hpp:24[m[K,
                 from [01m[K/opt/ros/foxy/include/libstatistics_collector/topic_statistics_collector/received_message_age.hpp:26[m[K,
                 from [01m[K/opt/ros/foxy/include/rclcpp/topic_statistics/subscription_topic_statistics.hpp:26[m[K,
                 from [01m[K/opt/ros/foxy/include/rclcpp/subscription.hpp:50[m[K,
                 from [01m[K/opt/ros/foxy/include/rclcpp/any_executable.hpp:25[m[K,
                 from [01m[K/opt/ros/foxy/include/rclcpp/memory_strategy.hpp:24[m[K,
                 from [01m[K/opt/ros/foxy/include/rclcpp/memory_strategies.hpp:18[m[K,
                 from [01m[K/opt/ros/foxy/include/rclcpp/executor_options.hpp:20[m[K,
                 from [01m[K/opt/ros/foxy/include/rclcpp/executor.hpp:33[m[K,
                 from [01m[K/opt/ros/foxy/include/rclcpp/executors/multi_threaded_executor.hpp:26[m[K,
                 from [01m[K/opt/ros/foxy/include/rclcpp/executors.hpp:21[m[K,
                 from [01m[K/opt/ros/foxy/include/rclcpp/rclcpp.hpp:146[m[K,
                 from [01m[K/home/neil/ros2_neil_ws/src/neil_localization_hack/src/geo_transform.cpp:18[m[K:
/usr/include/c++/9/bits/stl_numeric.h: In instantiation of ‘[01m[K_Tp std::accumulate(_InputIterator, _InputIterator, _Tp, _BinaryOperation) [with _InputIterator = double*; _Tp = double; _BinaryOperation = MapFrameInit::covariance_check(sensor_msgs::msg::NavSatFix_<std::allocator<void> >::SharedPtr, double)::<lambda(double)>][m[K’:
[01m[K/home/neil/ros2_neil_ws/src/neil_localization_hack/src/geo_transform.cpp:117:121:[m[K   required from here
[01m[K/usr/include/c++/9/bits/stl_numeric.h:166:22:[m[K [01;31m[Kerror: [m[Kno match for call to ‘[01m[K(MapFrameInit::covariance_check(sensor_msgs::msg::NavSatFix_<std::allocator<void> >::SharedPtr, double)::<lambda(double)>) (double&, double&)[m[K’
  166 |  __init = [01;31m[K__binary_op(_GLIBCXX_MOVE_IF_20(__init), *__first)[m[K;
      |           [01;31m[K~~~~~~~~~~~^~~~~~~~~~~~~~~~~~~~~~~~~~~~~~~~~~~~~~~[m[K
[01m[K/home/neil/ros2_neil_ws/src/neil_localization_hack/src/geo_transform.cpp:116:17:[m[K [01;36m[Knote: [m[Kcandidate: ‘[01m[KMapFrameInit::covariance_check(sensor_msgs::msg::NavSatFix_<std::allocator<void> >::SharedPtr, double)::<lambda(double)>[m[K’
  116 |   auto lambda = [01;36m[K[[m[K&](double a){return ((a >= 0) ? a : -a);};
      |                 [01;36m[K^[m[K
[01m[K/home/neil/ros2_neil_ws/src/neil_localization_hack/src/geo_transform.cpp:116:17:[m[K [01;36m[Knote: [m[K  candidate expects 1 argument, 2 provided
make[2]: *** [CMakeFiles/geo_transform.dir/build.make:63: CMakeFiles/geo_transform.dir/src/geo_transform.cpp.o] Error 1
make[1]: *** [CMakeFiles/Makefile2:78: CMakeFiles/geo_transform.dir/all] Error 2
make: *** [Makefile:141: all] Error 2
