[0.399s] DEBUG:colcon:Command line arguments: ['/usr/bin/colcon', 'build']
[0.399s] DEBUG:colcon:Parsed command line arguments: Namespace(allow_overriding=[], ament_cmake_args=None, base_paths=['.'], build_base='build', catkin_cmake_args=None, catkin_skip_building_tests=False, cmake_args=None, cmake_clean_cache=False, cmake_clean_first=False, cmake_force_configure=False, cmake_target=None, cmake_target_skip_unavailable=False, continue_on_error=False, event_handlers=None, executor='parallel', ignore_user_meta=False, install_base='install', log_base=None, log_level=None, main=<bound method BuildVerb.main of <colcon_core.verb.build.BuildVerb object at 0x7f00445b2160>>, merge_install=False, metas=['./colcon.meta'], packages_above=None, packages_above_and_dependencies=None, packages_above_depth=None, packages_end=None, packages_ignore=None, packages_ignore_regex=None, packages_select=None, packages_select_build_failed=False, packages_select_by_dep=None, packages_select_regex=None, packages_select_test_failures=False, packages_skip=None, packages_skip_build_finished=False, packages_skip_by_dep=None, packages_skip_regex=None, packages_skip_test_passed=False, packages_skip_up_to=None, packages_start=None, packages_up_to=None, packages_up_to_regex=None, parallel_workers=8, paths=None, symlink_install=False, test_result_base=None, verb_extension=<colcon_core.verb.build.BuildVerb object at 0x7f00445b2160>, verb_name='build', verb_parser=<colcon_defaults.argument_parser.defaults.DefaultArgumentsDecorator object at 0x7f00444f6130>)
[0.455s] Level 1:colcon.colcon_core.package_discovery:discover_packages(colcon_meta) check parameters
[0.455s] Level 1:colcon.colcon_core.package_discovery:discover_packages(recursive) check parameters
[0.455s] Level 1:colcon.colcon_core.package_discovery:discover_packages(ignore) check parameters
[0.455s] Level 1:colcon.colcon_core.package_discovery:discover_packages(path) check parameters
[0.455s] Level 1:colcon.colcon_core.package_discovery:discover_packages(colcon_meta) discover
[0.455s] Level 1:colcon.colcon_core.package_discovery:discover_packages(recursive) discover
[0.455s] INFO:colcon.colcon_core.package_discovery:Crawling recursively for packages in '/home/neil/ros2_neil_ws'
[0.455s] Level 1:colcon.colcon_core.package_identification:_identify(.) by extensions ['ignore', 'ignore_ament_install']
[0.455s] Level 1:colcon.colcon_core.package_identification:_identify(.) by extension 'ignore'
[0.455s] Level 1:colcon.colcon_core.package_identification:_identify(.) by extension 'ignore_ament_install'
[0.455s] Level 1:colcon.colcon_core.package_identification:_identify(.) by extensions ['colcon_pkg']
[0.455s] Level 1:colcon.colcon_core.package_identification:_identify(.) by extension 'colcon_pkg'
[0.455s] Level 1:colcon.colcon_core.package_identification:_identify(.) by extensions ['colcon_meta']
[0.455s] Level 1:colcon.colcon_core.package_identification:_identify(.) by extension 'colcon_meta'
[0.456s] Level 1:colcon.colcon_core.package_identification:_identify(.) by extensions ['ros']
[0.456s] Level 1:colcon.colcon_core.package_identification:_identify(.) by extension 'ros'
[0.475s] Level 1:colcon.colcon_core.package_identification:_identify(.) by extensions ['cmake', 'python']
[0.475s] Level 1:colcon.colcon_core.package_identification:_identify(.) by extension 'cmake'
[0.475s] Level 1:colcon.colcon_core.package_identification:_identify(.) by extension 'python'
[0.475s] Level 1:colcon.colcon_core.package_identification:_identify(.) by extensions ['python_setup_py']
[0.475s] Level 1:colcon.colcon_core.package_identification:_identify(.) by extension 'python_setup_py'
[0.475s] Level 1:colcon.colcon_core.package_identification:_identify(build) by extensions ['ignore', 'ignore_ament_install']
[0.475s] Level 1:colcon.colcon_core.package_identification:_identify(build) by extension 'ignore'
[0.475s] Level 1:colcon.colcon_core.package_identification:_identify(build) ignored
[0.475s] Level 1:colcon.colcon_core.package_identification:_identify(install) by extensions ['ignore', 'ignore_ament_install']
[0.475s] Level 1:colcon.colcon_core.package_identification:_identify(install) by extension 'ignore'
[0.475s] Level 1:colcon.colcon_core.package_identification:_identify(install) ignored
[0.476s] Level 1:colcon.colcon_core.package_identification:_identify(log) by extensions ['ignore', 'ignore_ament_install']
[0.476s] Level 1:colcon.colcon_core.package_identification:_identify(log) by extension 'ignore'
[0.476s] Level 1:colcon.colcon_core.package_identification:_identify(log) ignored
[0.476s] Level 1:colcon.colcon_core.package_identification:_identify(src) by extensions ['ignore', 'ignore_ament_install']
[0.476s] Level 1:colcon.colcon_core.package_identification:_identify(src) by extension 'ignore'
[0.476s] Level 1:colcon.colcon_core.package_identification:_identify(src) by extension 'ignore_ament_install'
[0.476s] Level 1:colcon.colcon_core.package_identification:_identify(src) by extensions ['colcon_pkg']
[0.476s] Level 1:colcon.colcon_core.package_identification:_identify(src) by extension 'colcon_pkg'
[0.476s] Level 1:colcon.colcon_core.package_identification:_identify(src) by extensions ['colcon_meta']
[0.476s] Level 1:colcon.colcon_core.package_identification:_identify(src) by extension 'colcon_meta'
[0.476s] Level 1:colcon.colcon_core.package_identification:_identify(src) by extensions ['ros']
[0.476s] Level 1:colcon.colcon_core.package_identification:_identify(src) by extension 'ros'
[0.476s] Level 1:colcon.colcon_core.package_identification:_identify(src) by extensions ['cmake', 'python']
[0.476s] Level 1:colcon.colcon_core.package_identification:_identify(src) by extension 'cmake'
[0.476s] Level 1:colcon.colcon_core.package_identification:_identify(src) by extension 'python'
[0.476s] Level 1:colcon.colcon_core.package_identification:_identify(src) by extensions ['python_setup_py']
[0.477s] Level 1:colcon.colcon_core.package_identification:_identify(src) by extension 'python_setup_py'
[0.477s] Level 1:colcon.colcon_core.package_identification:_identify(src/neil_localization_hack) by extensions ['ignore', 'ignore_ament_install']
[0.477s] Level 1:colcon.colcon_core.package_identification:_identify(src/neil_localization_hack) by extension 'ignore'
[0.477s] Level 1:colcon.colcon_core.package_identification:_identify(src/neil_localization_hack) by extension 'ignore_ament_install'
[0.477s] Level 1:colcon.colcon_core.package_identification:_identify(src/neil_localization_hack) by extensions ['colcon_pkg']
[0.477s] Level 1:colcon.colcon_core.package_identification:_identify(src/neil_localization_hack) by extension 'colcon_pkg'
[0.477s] Level 1:colcon.colcon_core.package_identification:_identify(src/neil_localization_hack) by extensions ['colcon_meta']
[0.477s] Level 1:colcon.colcon_core.package_identification:_identify(src/neil_localization_hack) by extension 'colcon_meta'
[0.477s] Level 1:colcon.colcon_core.package_identification:_identify(src/neil_localization_hack) by extensions ['ros']
[0.477s] Level 1:colcon.colcon_core.package_identification:_identify(src/neil_localization_hack) by extension 'ros'
[0.482s] DEBUG:colcon.colcon_core.package_identification:Package 'src/neil_localization_hack' with type 'ros.ament_cmake' and name 'neil_localization_hack'
[0.482s] Level 1:colcon.colcon_core.package_discovery:discover_packages(recursive) using defaults
[0.482s] Level 1:colcon.colcon_core.package_discovery:discover_packages(ignore) discover
[0.482s] Level 1:colcon.colcon_core.package_discovery:discover_packages(ignore) using defaults
[0.482s] Level 1:colcon.colcon_core.package_discovery:discover_packages(path) discover
[0.482s] Level 1:colcon.colcon_core.package_discovery:discover_packages(path) using defaults
[0.520s] Level 1:colcon.colcon_core.package_discovery:discover_packages(prefix_path) check parameters
[0.520s] Level 1:colcon.colcon_core.package_discovery:discover_packages(prefix_path) discover
[0.525s] DEBUG:colcon.colcon_installed_package_information.package_discovery:Found 256 installed packages in /opt/ros/foxy
[0.527s] Level 1:colcon.colcon_core.package_discovery:discover_packages(prefix_path) using defaults
[0.675s] Level 5:colcon.colcon_core.verb:set package 'neil_localization_hack' build argument 'cmake_args' from command line to 'None'
[0.675s] Level 5:colcon.colcon_core.verb:set package 'neil_localization_hack' build argument 'cmake_target' from command line to 'None'
[0.675s] Level 5:colcon.colcon_core.verb:set package 'neil_localization_hack' build argument 'cmake_target_skip_unavailable' from command line to 'False'
[0.675s] Level 5:colcon.colcon_core.verb:set package 'neil_localization_hack' build argument 'cmake_clean_cache' from command line to 'False'
[0.675s] Level 5:colcon.colcon_core.verb:set package 'neil_localization_hack' build argument 'cmake_clean_first' from command line to 'False'
[0.675s] Level 5:colcon.colcon_core.verb:set package 'neil_localization_hack' build argument 'cmake_force_configure' from command line to 'False'
[0.675s] Level 5:colcon.colcon_core.verb:set package 'neil_localization_hack' build argument 'ament_cmake_args' from command line to 'None'
[0.675s] Level 5:colcon.colcon_core.verb:set package 'neil_localization_hack' build argument 'catkin_cmake_args' from command line to 'None'
[0.675s] Level 5:colcon.colcon_core.verb:set package 'neil_localization_hack' build argument 'catkin_skip_building_tests' from command line to 'False'
[0.675s] DEBUG:colcon.colcon_core.verb:Building package 'neil_localization_hack' with the following arguments: {'ament_cmake_args': None, 'build_base': '/home/neil/ros2_neil_ws/build/neil_localization_hack', 'catkin_cmake_args': None, 'catkin_skip_building_tests': False, 'cmake_args': None, 'cmake_clean_cache': False, 'cmake_clean_first': False, 'cmake_force_configure': False, 'cmake_target': None, 'cmake_target_skip_unavailable': False, 'install_base': '/home/neil/ros2_neil_ws/install/neil_localization_hack', 'merge_install': False, 'path': '/home/neil/ros2_neil_ws/src/neil_localization_hack', 'symlink_install': False, 'test_result_base': None}
[0.677s] INFO:colcon.colcon_core.executor:Executing jobs using 'parallel' executor
[0.688s] DEBUG:colcon.colcon_parallel_executor.executor.parallel:run_until_complete
[0.688s] INFO:colcon.colcon_ros.task.ament_cmake.build:Building ROS package in '/home/neil/ros2_neil_ws/src/neil_localization_hack' with build type 'ament_cmake'
[0.688s] INFO:colcon.colcon_cmake.task.cmake.build:Building CMake package in '/home/neil/ros2_neil_ws/src/neil_localization_hack'
[0.695s] INFO:colcon.colcon_core.plugin_system:Skipping extension 'colcon_core.shell.bat': Not used on non-Windows systems
[0.695s] INFO:colcon.colcon_core.shell:Skip shell extension 'powershell' for command environment: Not usable outside of PowerShell
[0.695s] DEBUG:colcon.colcon_core.shell:Skip shell extension 'dsv' for command environment
[0.719s] DEBUG:colcon.colcon_core.event_handler.log_command:Invoking command in '/home/neil/ros2_neil_ws/build/neil_localization_hack': CMAKE_PREFIX_PATH=/opt/ros/foxy /usr/bin/cmake --build /home/neil/ros2_neil_ws/build/neil_localization_hack -- -j8 -l8
[4.369s] DEBUG:colcon.colcon_core.event_handler.log_command:Invoked command in '/home/neil/ros2_neil_ws/build/neil_localization_hack' returned '0': CMAKE_PREFIX_PATH=/opt/ros/foxy /usr/bin/cmake --build /home/neil/ros2_neil_ws/build/neil_localization_hack -- -j8 -l8
[4.415s] DEBUG:colcon.colcon_core.event_handler.log_command:Invoking command in '/home/neil/ros2_neil_ws/build/neil_localization_hack': CMAKE_PREFIX_PATH=/opt/ros/foxy /usr/bin/cmake --install /home/neil/ros2_neil_ws/build/neil_localization_hack
[4.430s] Level 1:colcon.colcon_core.environment:create_environment_scripts_only(neil_localization_hack)
[4.430s] DEBUG:colcon.colcon_core.event_handler.log_command:Invoked command in '/home/neil/ros2_neil_ws/build/neil_localization_hack' returned '0': CMAKE_PREFIX_PATH=/opt/ros/foxy /usr/bin/cmake --install /home/neil/ros2_neil_ws/build/neil_localization_hack
[4.440s] Level 1:colcon.colcon_core.environment:checking '/home/neil/ros2_neil_ws/install/neil_localization_hack' for CMake module files
[4.441s] Level 1:colcon.colcon_core.environment:checking '/home/neil/ros2_neil_ws/install/neil_localization_hack' for CMake config files
[4.441s] Level 1:colcon.colcon_core.shell:create_environment_hook('neil_localization_hack', 'cmake_prefix_path')
[4.445s] INFO:colcon.colcon_core.shell:Creating environment hook '/home/neil/ros2_neil_ws/install/neil_localization_hack/share/neil_localization_hack/hook/cmake_prefix_path.ps1'
[4.446s] INFO:colcon.colcon_core.shell:Creating environment descriptor '/home/neil/ros2_neil_ws/install/neil_localization_hack/share/neil_localization_hack/hook/cmake_prefix_path.dsv'
[4.446s] INFO:colcon.colcon_core.shell:Creating environment hook '/home/neil/ros2_neil_ws/install/neil_localization_hack/share/neil_localization_hack/hook/cmake_prefix_path.sh'
[4.447s] Level 1:colcon.colcon_core.environment:checking '/home/neil/ros2_neil_ws/install/neil_localization_hack/lib'
[4.447s] Level 1:colcon.colcon_core.environment:checking '/home/neil/ros2_neil_ws/install/neil_localization_hack/bin'
[4.447s] Level 1:colcon.colcon_core.environment:checking '/home/neil/ros2_neil_ws/install/neil_localization_hack/lib/pkgconfig/neil_localization_hack.pc'
[4.448s] Level 1:colcon.colcon_core.environment:checking '/home/neil/ros2_neil_ws/install/neil_localization_hack/lib/python3.8/site-packages'
[4.448s] Level 1:colcon.colcon_core.environment:checking '/home/neil/ros2_neil_ws/install/neil_localization_hack/bin'
[4.452s] INFO:colcon.colcon_core.shell:Creating package script '/home/neil/ros2_neil_ws/install/neil_localization_hack/share/neil_localization_hack/package.ps1'
[4.452s] INFO:colcon.colcon_core.shell:Creating package descriptor '/home/neil/ros2_neil_ws/install/neil_localization_hack/share/neil_localization_hack/package.dsv'
[4.453s] INFO:colcon.colcon_core.shell:Creating package script '/home/neil/ros2_neil_ws/install/neil_localization_hack/share/neil_localization_hack/package.sh'
[4.454s] INFO:colcon.colcon_core.shell:Creating package script '/home/neil/ros2_neil_ws/install/neil_localization_hack/share/neil_localization_hack/package.bash'
[4.455s] INFO:colcon.colcon_core.shell:Creating package script '/home/neil/ros2_neil_ws/install/neil_localization_hack/share/neil_localization_hack/package.zsh'
[4.455s] Level 1:colcon.colcon_core.environment:create_file_with_runtime_dependencies(/home/neil/ros2_neil_ws/install/neil_localization_hack/share/colcon-core/packages/neil_localization_hack)
[4.488s] Level 1:colcon.colcon_core.environment:create_environment_scripts_only(neil_localization_hack)
[4.493s] Level 1:colcon.colcon_core.environment:checking '/home/neil/ros2_neil_ws/install/neil_localization_hack' for CMake module files
[4.494s] Level 1:colcon.colcon_core.environment:checking '/home/neil/ros2_neil_ws/install/neil_localization_hack' for CMake config files
[4.494s] Level 1:colcon.colcon_core.shell:create_environment_hook('neil_localization_hack', 'cmake_prefix_path')
[4.497s] INFO:colcon.colcon_core.shell:Creating environment hook '/home/neil/ros2_neil_ws/install/neil_localization_hack/share/neil_localization_hack/hook/cmake_prefix_path.ps1'
[4.497s] INFO:colcon.colcon_core.shell:Creating environment descriptor '/home/neil/ros2_neil_ws/install/neil_localization_hack/share/neil_localization_hack/hook/cmake_prefix_path.dsv'
[4.498s] INFO:colcon.colcon_core.shell:Creating environment hook '/home/neil/ros2_neil_ws/install/neil_localization_hack/share/neil_localization_hack/hook/cmake_prefix_path.sh'
[4.499s] Level 1:colcon.colcon_core.environment:checking '/home/neil/ros2_neil_ws/install/neil_localization_hack/lib'
[4.499s] Level 1:colcon.colcon_core.environment:checking '/home/neil/ros2_neil_ws/install/neil_localization_hack/bin'
[4.499s] Level 1:colcon.colcon_core.environment:checking '/home/neil/ros2_neil_ws/install/neil_localization_hack/lib/pkgconfig/neil_localization_hack.pc'
[4.499s] Level 1:colcon.colcon_core.environment:checking '/home/neil/ros2_neil_ws/install/neil_localization_hack/lib/python3.8/site-packages'
[4.499s] Level 1:colcon.colcon_core.environment:checking '/home/neil/ros2_neil_ws/install/neil_localization_hack/bin'
[4.503s] INFO:colcon.colcon_core.shell:Creating package script '/home/neil/ros2_neil_ws/install/neil_localization_hack/share/neil_localization_hack/package.ps1'
[4.503s] INFO:colcon.colcon_core.shell:Creating package descriptor '/home/neil/ros2_neil_ws/install/neil_localization_hack/share/neil_localization_hack/package.dsv'
[4.504s] INFO:colcon.colcon_core.shell:Creating package script '/home/neil/ros2_neil_ws/install/neil_localization_hack/share/neil_localization_hack/package.sh'
[4.504s] INFO:colcon.colcon_core.shell:Creating package script '/home/neil/ros2_neil_ws/install/neil_localization_hack/share/neil_localization_hack/package.bash'
[4.504s] INFO:colcon.colcon_core.shell:Creating package script '/home/neil/ros2_neil_ws/install/neil_localization_hack/share/neil_localization_hack/package.zsh'
[4.505s] Level 1:colcon.colcon_core.environment:create_file_with_runtime_dependencies(/home/neil/ros2_neil_ws/install/neil_localization_hack/share/colcon-core/packages/neil_localization_hack)
[4.505s] DEBUG:colcon.colcon_parallel_executor.executor.parallel:closing loop
[4.505s] DEBUG:colcon.colcon_parallel_executor.executor.parallel:loop closed
[4.506s] DEBUG:colcon.colcon_parallel_executor.executor.parallel:run_until_complete finished with '0'
[4.506s] DEBUG:colcon.colcon_core.event_reactor:joining thread
[4.511s] INFO:colcon.colcon_core.plugin_system:Skipping extension 'colcon_notification.desktop_notification.terminal_notifier': Not used on non-Darwin systems
[4.511s] INFO:colcon.colcon_core.plugin_system:Skipping extension 'colcon_notification.desktop_notification.win32': Not used on non-Windows systems
[4.511s] INFO:colcon.colcon_notification.desktop_notification:Sending desktop notification using 'notify2'
[4.527s] DEBUG:colcon.colcon_core.event_reactor:joined thread
[4.531s] INFO:colcon.colcon_core.shell:Creating prefix script '/home/neil/ros2_neil_ws/install/local_setup.ps1'
[4.532s] INFO:colcon.colcon_core.shell:Creating prefix util module '/home/neil/ros2_neil_ws/install/_local_setup_util_ps1.py'
[4.533s] INFO:colcon.colcon_core.shell:Creating prefix chain script '/home/neil/ros2_neil_ws/install/setup.ps1'
[4.535s] INFO:colcon.colcon_core.shell:Creating prefix script '/home/neil/ros2_neil_ws/install/local_setup.sh'
[4.536s] INFO:colcon.colcon_core.shell:Creating prefix util module '/home/neil/ros2_neil_ws/install/_local_setup_util_sh.py'
[4.536s] INFO:colcon.colcon_core.shell:Creating prefix chain script '/home/neil/ros2_neil_ws/install/setup.sh'
[4.538s] INFO:colcon.colcon_core.shell:Creating prefix script '/home/neil/ros2_neil_ws/install/local_setup.bash'
[4.539s] INFO:colcon.colcon_core.shell:Creating prefix chain script '/home/neil/ros2_neil_ws/install/setup.bash'
[4.540s] INFO:colcon.colcon_core.shell:Creating prefix script '/home/neil/ros2_neil_ws/install/local_setup.zsh'
[4.541s] INFO:colcon.colcon_core.shell:Creating prefix chain script '/home/neil/ros2_neil_ws/install/setup.zsh'
