[0.020s] Invoking command in '/home/neil/ros2_neil_ws/build/neil_localization_hack': CMAKE_PREFIX_PATH=${CMAKE_PREFIX_PATH}:/opt/ros/foxy /usr/bin/cmake --build /home/neil/ros2_neil_ws/build/neil_localization_hack -- -j8 -l8
[0.084s] [ 50%] [32mBuilding CXX object CMakeFiles/geo_transform.dir/src/geo_transform.cpp.o[0m
[1.357s] [01m[K/home/neil/ros2_neil_ws/src/neil_localization_hack/src/geo_transform.cpp:53:94:[m[K [01;31m[Kerror: [m[Kexpected ‘[01m[K;[m[K’ at end of member declaration
[1.358s]    53 |   bool covariance_check(const sensor_msgs::msg::NavSatFix::SharedPtr msg, double upper_bound_[01;31m[K)[m[K
[1.358s]       |                                                                                              [01;31m[K^[m[K
[1.358s]       |                                                                                               [32m[K;[m[K
[1.390s] [01m[K/home/neil/ros2_neil_ws/src/neil_localization_hack/src/geo_transform.cpp:[m[K In lambda function:
[1.390s] [01m[K/home/neil/ros2_neil_ws/src/neil_localization_hack/src/geo_transform.cpp:116:55:[m[K [01;31m[Kerror: [m[Kexpected ‘[01m[K;[m[K’ before ‘[01m[K}[m[K’ token
[1.391s]   116 |   auto lambda = [&](double a){return (a >= 0) ? a : -a[01;31m[K}[m[K;
[1.391s]       |                                                       [01;31m[K^[m[K
[1.391s]       |                                                       [32m[K;[m[K
[1.477s] In file included from [01m[K/usr/include/c++/9/numeric:62[m[K,
[1.477s]                  from [01m[K/opt/ros/foxy/include/libstatistics_collector/moving_average_statistics/moving_average.hpp:23[m[K,
[1.477s]                  from [01m[K/opt/ros/foxy/include/libstatistics_collector/collector/collector.hpp:22[m[K,
[1.477s]                  from [01m[K/opt/ros/foxy/include/libstatistics_collector/topic_statistics_collector/topic_statistics_collector.hpp:24[m[K,
[1.477s]                  from [01m[K/opt/ros/foxy/include/libstatistics_collector/topic_statistics_collector/received_message_age.hpp:26[m[K,
[1.477s]                  from [01m[K/opt/ros/foxy/include/rclcpp/topic_statistics/subscription_topic_statistics.hpp:26[m[K,
[1.478s]                  from [01m[K/opt/ros/foxy/include/rclcpp/subscription.hpp:50[m[K,
[1.478s]                  from [01m[K/opt/ros/foxy/include/rclcpp/any_executable.hpp:25[m[K,
[1.478s]                  from [01m[K/opt/ros/foxy/include/rclcpp/memory_strategy.hpp:24[m[K,
[1.478s]                  from [01m[K/opt/ros/foxy/include/rclcpp/memory_strategies.hpp:18[m[K,
[1.478s]                  from [01m[K/opt/ros/foxy/include/rclcpp/executor_options.hpp:20[m[K,
[1.478s]                  from [01m[K/opt/ros/foxy/include/rclcpp/executor.hpp:33[m[K,
[1.478s]                  from [01m[K/opt/ros/foxy/include/rclcpp/executors/multi_threaded_executor.hpp:26[m[K,
[1.478s]                  from [01m[K/opt/ros/foxy/include/rclcpp/executors.hpp:21[m[K,
[1.478s]                  from [01m[K/opt/ros/foxy/include/rclcpp/rclcpp.hpp:146[m[K,
[1.478s]                  from [01m[K/home/neil/ros2_neil_ws/src/neil_localization_hack/src/geo_transform.cpp:18[m[K:
[1.478s] /usr/include/c++/9/bits/stl_numeric.h: In instantiation of ‘[01m[K_Tp std::accumulate(_InputIterator, _InputIterator, _Tp, _BinaryOperation) [with _InputIterator = double*; _Tp = double; _BinaryOperation = MapFrameInit::covariance_check(sensor_msgs::msg::NavSatFix_<std::allocator<void> >::SharedPtr, double)::<lambda(double)>][m[K’:
[1.478s] [01m[K/home/neil/ros2_neil_ws/src/neil_localization_hack/src/geo_transform.cpp:117:121:[m[K   required from here
[1.478s] [01m[K/usr/include/c++/9/bits/stl_numeric.h:166:22:[m[K [01;31m[Kerror: [m[Kno match for call to ‘[01m[K(MapFrameInit::covariance_check(sensor_msgs::msg::NavSatFix_<std::allocator<void> >::SharedPtr, double)::<lambda(double)>) (double&, double&)[m[K’
[1.478s]   166 |  __init = [01;31m[K__binary_op(_GLIBCXX_MOVE_IF_20(__init), *__first)[m[K;
[1.478s]       |           [01;31m[K~~~~~~~~~~~^~~~~~~~~~~~~~~~~~~~~~~~~~~~~~~~~~~~~~~[m[K
[1.478s] [01m[K/home/neil/ros2_neil_ws/src/neil_localization_hack/src/geo_transform.cpp:116:17:[m[K [01;36m[Knote: [m[Kcandidate: ‘[01m[KMapFrameInit::covariance_check(sensor_msgs::msg::NavSatFix_<std::allocator<void> >::SharedPtr, double)::<lambda(double)>[m[K’
[1.479s]   116 |   auto lambda = [01;36m[K[[m[K&](double a){return (a >= 0) ? a : -a};
[1.479s]       |                 [01;36m[K^[m[K
[1.479s] [01m[K/home/neil/ros2_neil_ws/src/neil_localization_hack/src/geo_transform.cpp:116:17:[m[K [01;36m[Knote: [m[K  candidate expects 1 argument, 2 provided
[3.057s] make[2]: *** [CMakeFiles/geo_transform.dir/build.make:63: CMakeFiles/geo_transform.dir/src/geo_transform.cpp.o] Error 1
[3.057s] make[1]: *** [CMakeFiles/Makefile2:78: CMakeFiles/geo_transform.dir/all] Error 2
[3.058s] make: *** [Makefile:141: all] Error 2
[3.060s] Invoked command in '/home/neil/ros2_neil_ws/build/neil_localization_hack' returned '2': CMAKE_PREFIX_PATH=${CMAKE_PREFIX_PATH}:/opt/ros/foxy /usr/bin/cmake --build /home/neil/ros2_neil_ws/build/neil_localization_hack -- -j8 -l8
