[01m[K/home/neil/ros2_neil_ws/src/neil_localization_hack/src/path_publisher.cpp:[m[K In member function ‘[01m[Kvoid PathPublisher::timer_callback()[m[K’:
[01m[K/home/neil/ros2_neil_ws/src/neil_localization_hack/src/path_publisher.cpp:56:39:[m[K [01;35m[Kwarning: [m[KISO C++ forbids variable length array ‘[01m[Kpose_arr[m[K’ [[01;35m[K-Wvla[m[K]
   56 |       geometry_msgs::msg::PoseStamped [01;35m[Kpose_arr[m[K[path_size];
      |                                       [01;35m[K^~~~~~~~[m[K
[01m[K/home/neil/ros2_neil_ws/src/neil_localization_hack/src/path_publisher.cpp:57:24:[m[K [01;31m[Kerror: [m[Kno match for ‘[01m[Koperator=[m[K’ (operand types are ‘[01m[Knav_msgs::msg::Path_<std::allocator<void> >::_poses_type[m[K’ {aka ‘[01m[Kstd::vector<geometry_msgs::msg::PoseStamped_<std::allocator<void> >, std::allocator<geometry_msgs::msg::PoseStamped_<std::allocator<void> > > >[m[K’} and ‘[01m[Kgeometry_msgs::msg::PoseStamped [path_size][m[K’ {aka ‘[01m[Kgeometry_msgs::msg::PoseStamped_<std::allocator<void> > [path_size][m[K’})
   57 |       path_msg.poses = [01;31m[Kpose_arr[m[K
      |                        [01;31m[K^~~~~~~~[m[K
In file included from [01m[K/usr/include/c++/9/vector:72[m[K,
                 from [01m[K/opt/ros/foxy/include/rclcpp/executor.hpp:27[m[K,
                 from [01m[K/opt/ros/foxy/include/rclcpp/executors/multi_threaded_executor.hpp:26[m[K,
                 from [01m[K/opt/ros/foxy/include/rclcpp/executors.hpp:21[m[K,
                 from [01m[K/opt/ros/foxy/include/rclcpp/rclcpp.hpp:146[m[K,
                 from [01m[K/home/neil/ros2_neil_ws/src/neil_localization_hack/src/path_publisher.cpp:6[m[K:
[01m[K/usr/include/c++/9/bits/vector.tcc:198:5:[m[K [01;36m[Knote: [m[Kcandidate: ‘[01m[Kstd::vector<_Tp, _Alloc>& std::vector<_Tp, _Alloc>::operator=(const std::vector<_Tp, _Alloc>&) [with _Tp = geometry_msgs::msg::PoseStamped_<std::allocator<void> >; _Alloc = std::allocator<geometry_msgs::msg::PoseStamped_<std::allocator<void> > >][m[K’
  198 |     [01;36m[Kvector<_Tp, _Alloc>[m[K::
      |     [01;36m[K^~~~~~~~~~~~~~~~~~~[m[K
[01m[K/usr/include/c++/9/bits/vector.tcc:199:42:[m[K [01;36m[Knote: [m[K  no known conversion for argument 1 from ‘[01m[Kgeometry_msgs::msg::PoseStamped [path_size][m[K’ {aka ‘[01m[Kgeometry_msgs::msg::PoseStamped_<std::allocator<void> > [path_size][m[K’} to ‘[01m[Kconst std::vector<geometry_msgs::msg::PoseStamped_<std::allocator<void> >, std::allocator<geometry_msgs::msg::PoseStamped_<std::allocator<void> > > >&[m[K’
  199 |     operator=([01;36m[Kconst vector<_Tp, _Alloc>& __x[m[K)
      |               [01;36m[K~~~~~~~~~~~~~~~~~~~~~~~~~~~^~~[m[K
In file included from [01m[K/usr/include/c++/9/vector:67[m[K,
                 from [01m[K/opt/ros/foxy/include/rclcpp/executor.hpp:27[m[K,
                 from [01m[K/opt/ros/foxy/include/rclcpp/executors/multi_threaded_executor.hpp:26[m[K,
                 from [01m[K/opt/ros/foxy/include/rclcpp/executors.hpp:21[m[K,
                 from [01m[K/opt/ros/foxy/include/rclcpp/rclcpp.hpp:146[m[K,
                 from [01m[K/home/neil/ros2_neil_ws/src/neil_localization_hack/src/path_publisher.cpp:6[m[K:
[01m[K/usr/include/c++/9/bits/stl_vector.h:706:7:[m[K [01;36m[Knote: [m[Kcandidate: ‘[01m[Kstd::vector<_Tp, _Alloc>& std::vector<_Tp, _Alloc>::operator=(std::vector<_Tp, _Alloc>&&) [with _Tp = geometry_msgs::msg::PoseStamped_<std::allocator<void> >; _Alloc = std::allocator<geometry_msgs::msg::PoseStamped_<std::allocator<void> > >][m[K’
  706 |       [01;36m[Koperator[m[K=(vector&& __x) noexcept(_Alloc_traits::_S_nothrow_move())
      |       [01;36m[K^~~~~~~~[m[K
[01m[K/usr/include/c++/9/bits/stl_vector.h:706:26:[m[K [01;36m[Knote: [m[K  no known conversion for argument 1 from ‘[01m[Kgeometry_msgs::msg::PoseStamped [path_size][m[K’ {aka ‘[01m[Kgeometry_msgs::msg::PoseStamped_<std::allocator<void> > [path_size][m[K’} to ‘[01m[Kstd::vector<geometry_msgs::msg::PoseStamped_<std::allocator<void> >, std::allocator<geometry_msgs::msg::PoseStamped_<std::allocator<void> > > >&&[m[K’
  706 |       operator=([01;36m[Kvector&& __x[m[K) noexcept(_Alloc_traits::_S_nothrow_move())
      |                 [01;36m[K~~~~~~~~~^~~[m[K
[01m[K/usr/include/c++/9/bits/stl_vector.h:727:7:[m[K [01;36m[Knote: [m[Kcandidate: ‘[01m[Kstd::vector<_Tp, _Alloc>& std::vector<_Tp, _Alloc>::operator=(std::initializer_list<_Tp>) [with _Tp = geometry_msgs::msg::PoseStamped_<std::allocator<void> >; _Alloc = std::allocator<geometry_msgs::msg::PoseStamped_<std::allocator<void> > >][m[K’
  727 |       [01;36m[Koperator[m[K=(initializer_list<value_type> __l)
      |       [01;36m[K^~~~~~~~[m[K
[01m[K/usr/include/c++/9/bits/stl_vector.h:727:46:[m[K [01;36m[Knote: [m[K  no known conversion for argument 1 from ‘[01m[Kgeometry_msgs::msg::PoseStamped [path_size][m[K’ {aka ‘[01m[Kgeometry_msgs::msg::PoseStamped_<std::allocator<void> > [path_size][m[K’} to ‘[01m[Kstd::initializer_list<geometry_msgs::msg::PoseStamped_<std::allocator<void> > >[m[K’
  727 |       operator=([01;36m[Kinitializer_list<value_type> __l[m[K)
      |                 [01;36m[K~~~~~~~~~~~~~~~~~~~~~~~~~~~~~^~~[m[K
make[2]: *** [CMakeFiles/path_publisher.dir/build.make:63: CMakeFiles/path_publisher.dir/src/path_publisher.cpp.o] Error 1
make[1]: *** [CMakeFiles/Makefile2:134: CMakeFiles/path_publisher.dir/all] Error 2
make: *** [Makefile:141: all] Error 2
