[0.017s] Invoking command in '/home/neil/ros2_neil_ws/build/neil_localization_hack': CMAKE_PREFIX_PATH=/opt/ros/foxy /usr/bin/cmake --build /home/neil/ros2_neil_ws/build/neil_localization_hack -- -j8 -l8
[0.065s] [35m[1mScanning dependencies of target path_publisher[0m
[0.086s] [ 50%] Built target geo_transform
[0.098s] [ 75%] [32mBuilding CXX object CMakeFiles/path_publisher.dir/src/path_publisher.cpp.o[0m
[1.392s] [01m[K/home/neil/ros2_neil_ws/src/neil_localization_hack/src/path_publisher.cpp:[m[K In member function ‘[01m[Kvoid PathPublisher::timer_callback()[m[K’:
[1.392s] [01m[K/home/neil/ros2_neil_ws/src/neil_localization_hack/src/path_publisher.cpp:55:50:[m[K [01;31m[Kerror: [m[Kno match for ‘[01m[Koperator=[m[K’ (operand types are ‘[01m[Knav_msgs::msg::Path_<std::allocator<void> >::_poses_type[m[K’ {aka ‘[01m[Kstd::vector<geometry_msgs::msg::PoseStamped_<std::allocator<void> >, std::allocator<geometry_msgs::msg::PoseStamped_<std::allocator<void> > > >[m[K’} and ‘[01m[Kgeometry_msgs::msg::PoseStamped_<std::allocator<void> >*[m[K’)
[1.392s]    55 |         message.poses = this->current_path_.data([01;31m[K)[m[K;
[1.392s]       |                                                  [01;31m[K^[m[K
[1.392s] In file included from [01m[K/usr/include/c++/9/vector:72[m[K,
[1.392s]                  from [01m[K/opt/ros/foxy/include/rclcpp/executor.hpp:27[m[K,
[1.392s]                  from [01m[K/opt/ros/foxy/include/rclcpp/executors/multi_threaded_executor.hpp:26[m[K,
[1.392s]                  from [01m[K/opt/ros/foxy/include/rclcpp/executors.hpp:21[m[K,
[1.392s]                  from [01m[K/opt/ros/foxy/include/rclcpp/rclcpp.hpp:146[m[K,
[1.392s]                  from [01m[K/home/neil/ros2_neil_ws/src/neil_localization_hack/src/path_publisher.cpp:6[m[K:
[1.392s] [01m[K/usr/include/c++/9/bits/vector.tcc:198:5:[m[K [01;36m[Knote: [m[Kcandidate: ‘[01m[Kstd::vector<_Tp, _Alloc>& std::vector<_Tp, _Alloc>::operator=(const std::vector<_Tp, _Alloc>&) [with _Tp = geometry_msgs::msg::PoseStamped_<std::allocator<void> >; _Alloc = std::allocator<geometry_msgs::msg::PoseStamped_<std::allocator<void> > >][m[K’
[1.392s]   198 |     [01;36m[Kvector<_Tp, _Alloc>[m[K::
[1.393s]       |     [01;36m[K^~~~~~~~~~~~~~~~~~~[m[K
[1.393s] [01m[K/usr/include/c++/9/bits/vector.tcc:199:42:[m[K [01;36m[Knote: [m[K  no known conversion for argument 1 from ‘[01m[Kgeometry_msgs::msg::PoseStamped_<std::allocator<void> >*[m[K’ to ‘[01m[Kconst std::vector<geometry_msgs::msg::PoseStamped_<std::allocator<void> >, std::allocator<geometry_msgs::msg::PoseStamped_<std::allocator<void> > > >&[m[K’
[1.393s]   199 |     operator=([01;36m[Kconst vector<_Tp, _Alloc>& __x[m[K)
[1.393s]       |               [01;36m[K~~~~~~~~~~~~~~~~~~~~~~~~~~~^~~[m[K
[1.393s] In file included from [01m[K/usr/include/c++/9/vector:67[m[K,
[1.393s]                  from [01m[K/opt/ros/foxy/include/rclcpp/executor.hpp:27[m[K,
[1.393s]                  from [01m[K/opt/ros/foxy/include/rclcpp/executors/multi_threaded_executor.hpp:26[m[K,
[1.393s]                  from [01m[K/opt/ros/foxy/include/rclcpp/executors.hpp:21[m[K,
[1.393s]                  from [01m[K/opt/ros/foxy/include/rclcpp/rclcpp.hpp:146[m[K,
[1.393s]                  from [01m[K/home/neil/ros2_neil_ws/src/neil_localization_hack/src/path_publisher.cpp:6[m[K:
[1.393s] [01m[K/usr/include/c++/9/bits/stl_vector.h:706:7:[m[K [01;36m[Knote: [m[Kcandidate: ‘[01m[Kstd::vector<_Tp, _Alloc>& std::vector<_Tp, _Alloc>::operator=(std::vector<_Tp, _Alloc>&&) [with _Tp = geometry_msgs::msg::PoseStamped_<std::allocator<void> >; _Alloc = std::allocator<geometry_msgs::msg::PoseStamped_<std::allocator<void> > >][m[K’
[1.393s]   706 |       [01;36m[Koperator[m[K=(vector&& __x) noexcept(_Alloc_traits::_S_nothrow_move())
[1.393s]       |       [01;36m[K^~~~~~~~[m[K
[1.393s] [01m[K/usr/include/c++/9/bits/stl_vector.h:706:26:[m[K [01;36m[Knote: [m[K  no known conversion for argument 1 from ‘[01m[Kgeometry_msgs::msg::PoseStamped_<std::allocator<void> >*[m[K’ to ‘[01m[Kstd::vector<geometry_msgs::msg::PoseStamped_<std::allocator<void> >, std::allocator<geometry_msgs::msg::PoseStamped_<std::allocator<void> > > >&&[m[K’
[1.393s]   706 |       operator=([01;36m[Kvector&& __x[m[K) noexcept(_Alloc_traits::_S_nothrow_move())
[1.393s]       |                 [01;36m[K~~~~~~~~~^~~[m[K
[1.394s] [01m[K/usr/include/c++/9/bits/stl_vector.h:727:7:[m[K [01;36m[Knote: [m[Kcandidate: ‘[01m[Kstd::vector<_Tp, _Alloc>& std::vector<_Tp, _Alloc>::operator=(std::initializer_list<_Tp>) [with _Tp = geometry_msgs::msg::PoseStamped_<std::allocator<void> >; _Alloc = std::allocator<geometry_msgs::msg::PoseStamped_<std::allocator<void> > >][m[K’
[1.394s]   727 |       [01;36m[Koperator[m[K=(initializer_list<value_type> __l)
[1.394s]       |       [01;36m[K^~~~~~~~[m[K
[1.394s] [01m[K/usr/include/c++/9/bits/stl_vector.h:727:46:[m[K [01;36m[Knote: [m[K  no known conversion for argument 1 from ‘[01m[Kgeometry_msgs::msg::PoseStamped_<std::allocator<void> >*[m[K’ to ‘[01m[Kstd::initializer_list<geometry_msgs::msg::PoseStamped_<std::allocator<void> > >[m[K’
[1.394s]   727 |       operator=([01;36m[Kinitializer_list<value_type> __l[m[K)
[1.394s]       |                 [01;36m[K~~~~~~~~~~~~~~~~~~~~~~~~~~~~~^~~[m[K
[1.399s] [01m[K/home/neil/ros2_neil_ws/src/neil_localization_hack/src/path_publisher.cpp:[m[K In member function ‘[01m[Kvoid PathPublisher::generate_pose(const TransformStamped&)[m[K’:
[1.399s] [01m[K/home/neil/ros2_neil_ws/src/neil_localization_hack/src/path_publisher.cpp:98:37:[m[K [01;31m[Kerror: [m[K‘[01m[Kconst _translation_type[m[K’ {aka ‘[01m[Kconst struct geometry_msgs::msg::Vector3_<std::allocator<void> >[m[K’} has no member named ‘[01m[Kat[m[K’
[1.399s]    98 |       p.x = t.transform.translation.[01;31m[Kat[m[K(0);
[1.399s]       |                                     [01;31m[K^~[m[K
[1.399s] [01m[K/home/neil/ros2_neil_ws/src/neil_localization_hack/src/path_publisher.cpp:99:37:[m[K [01;31m[Kerror: [m[K‘[01m[Kconst _translation_type[m[K’ {aka ‘[01m[Kconst struct geometry_msgs::msg::Vector3_<std::allocator<void> >[m[K’} has no member named ‘[01m[Kat[m[K’
[1.399s]    99 |       p.y = t.transform.translation.[01;31m[Kat[m[K(1);
[1.399s]       |                                     [01;31m[K^~[m[K
[1.399s] [01m[K/home/neil/ros2_neil_ws/src/neil_localization_hack/src/path_publisher.cpp:100:37:[m[K [01;31m[Kerror: [m[K‘[01m[Kconst _translation_type[m[K’ {aka ‘[01m[Kconst struct geometry_msgs::msg::Vector3_<std::allocator<void> >[m[K’} has no member named ‘[01m[Kat[m[K’
[1.399s]   100 |       p.z = t.transform.translation.[01;31m[Kat[m[K(2);
[1.399s]       |                                     [01;31m[K^~[m[K
[2.358s] make[2]: *** [CMakeFiles/path_publisher.dir/build.make:63: CMakeFiles/path_publisher.dir/src/path_publisher.cpp.o] Error 1
[2.358s] make[1]: *** [CMakeFiles/Makefile2:134: CMakeFiles/path_publisher.dir/all] Error 2
[2.358s] make: *** [Makefile:141: all] Error 2
[2.361s] Invoked command in '/home/neil/ros2_neil_ws/build/neil_localization_hack' returned '2': CMAKE_PREFIX_PATH=/opt/ros/foxy /usr/bin/cmake --build /home/neil/ros2_neil_ws/build/neil_localization_hack -- -j8 -l8
