[0.025s] Invoking command in '/home/neil/ros2_neil_ws/build/neil_localization_hack': CMAKE_PREFIX_PATH=${CMAKE_PREFIX_PATH}:/opt/ros/foxy /usr/bin/cmake --build /home/neil/ros2_neil_ws/build/neil_localization_hack -- -j8 -l8
[0.094s] [35m[1mScanning dependencies of target geo_transform[0m
[0.134s] [ 50%] [32mBuilding CXX object CMakeFiles/geo_transform.dir/src/geo_transform.cpp.o[0m
[6.063s] [100%] [32m[1mLinking CXX executable geo_transform[0m
[6.614s] [100%] Built target geo_transform
[6.630s] Invoked command in '/home/neil/ros2_neil_ws/build/neil_localization_hack' returned '0': CMAKE_PREFIX_PATH=${CMAKE_PREFIX_PATH}:/opt/ros/foxy /usr/bin/cmake --build /home/neil/ros2_neil_ws/build/neil_localization_hack -- -j8 -l8
[6.675s] Invoking command in '/home/neil/ros2_neil_ws/build/neil_localization_hack': CMAKE_PREFIX_PATH=${CMAKE_PREFIX_PATH}:/opt/ros/foxy /usr/bin/cmake --install /home/neil/ros2_neil_ws/build/neil_localization_hack
[6.693s] -- Install configuration: ""
[6.698s] -- Installing: /home/neil/ros2_neil_ws/install/neil_localization_hack/lib/neil_localization_hack/geo_transform
[6.711s] -- Set runtime path of "/home/neil/ros2_neil_ws/install/neil_localization_hack/lib/neil_localization_hack/geo_transform" to ""
[6.712s] -- Up-to-date: /home/neil/ros2_neil_ws/install/neil_localization_hack/share/ament_index/resource_index/package_run_dependencies/neil_localization_hack
[6.712s] -- Up-to-date: /home/neil/ros2_neil_ws/install/neil_localization_hack/share/ament_index/resource_index/parent_prefix_path/neil_localization_hack
[6.713s] -- Up-to-date: /home/neil/ros2_neil_ws/install/neil_localization_hack/share/neil_localization_hack/environment/ament_prefix_path.sh
[6.714s] -- Up-to-date: /home/neil/ros2_neil_ws/install/neil_localization_hack/share/neil_localization_hack/environment/ament_prefix_path.dsv
[6.714s] -- Up-to-date: /home/neil/ros2_neil_ws/install/neil_localization_hack/share/neil_localization_hack/environment/path.sh
[6.715s] -- Up-to-date: /home/neil/ros2_neil_ws/install/neil_localization_hack/share/neil_localization_hack/environment/path.dsv
[6.715s] -- Up-to-date: /home/neil/ros2_neil_ws/install/neil_localization_hack/share/neil_localization_hack/local_setup.bash
[6.715s] -- Up-to-date: /home/neil/ros2_neil_ws/install/neil_localization_hack/share/neil_localization_hack/local_setup.sh
[6.715s] -- Up-to-date: /home/neil/ros2_neil_ws/install/neil_localization_hack/share/neil_localization_hack/local_setup.zsh
[6.715s] -- Up-to-date: /home/neil/ros2_neil_ws/install/neil_localization_hack/share/neil_localization_hack/local_setup.dsv
[6.716s] -- Installing: /home/neil/ros2_neil_ws/install/neil_localization_hack/share/neil_localization_hack/package.dsv
[6.716s] -- Up-to-date: /home/neil/ros2_neil_ws/install/neil_localization_hack/share/ament_index/resource_index/packages/neil_localization_hack
[6.716s] -- Up-to-date: /home/neil/ros2_neil_ws/install/neil_localization_hack/share/neil_localization_hack/cmake/neil_localization_hackConfig.cmake
[6.716s] -- Up-to-date: /home/neil/ros2_neil_ws/install/neil_localization_hack/share/neil_localization_hack/cmake/neil_localization_hackConfig-version.cmake
[6.716s] -- Up-to-date: /home/neil/ros2_neil_ws/install/neil_localization_hack/share/neil_localization_hack/package.xml
[6.723s] Invoked command in '/home/neil/ros2_neil_ws/build/neil_localization_hack' returned '0': CMAKE_PREFIX_PATH=${CMAKE_PREFIX_PATH}:/opt/ros/foxy /usr/bin/cmake --install /home/neil/ros2_neil_ws/build/neil_localization_hack
