[35m[1mScanning dependencies of target geo_transform[0m
[ 50%] [32mBuilding CXX object CMakeFiles/geo_transform.dir/src/geo_transform.cpp.o[0m
In file included from [01m[K/opt/ros/foxy/include/rclcpp/client.hpp:40[m[K,
                 from [01m[K/opt/ros/foxy/include/rclcpp/callback_group.hpp:23[m[K,
                 from [01m[K/opt/ros/foxy/include/rclcpp/any_executable.hpp:20[m[K,
                 from [01m[K/opt/ros/foxy/include/rclcpp/memory_strategy.hpp:24[m[K,
                 from [01m[K/opt/ros/foxy/include/rclcpp/memory_strategies.hpp:18[m[K,
                 from [01m[K/opt/ros/foxy/include/rclcpp/executor_options.hpp:20[m[K,
                 from [01m[K/opt/ros/foxy/include/rclcpp/executor.hpp:33[m[K,
                 from [01m[K/opt/ros/foxy/include/rclcpp/executors/multi_threaded_executor.hpp:26[m[K,
                 from [01m[K/opt/ros/foxy/include/rclcpp/executors.hpp:21[m[K,
                 from [01m[K/opt/ros/foxy/include/rclcpp/rclcpp.hpp:146[m[K,
                 from [01m[K/home/neil/ros2_neil_ws/src/neil_localization_hack/src/geo_transform.cpp:18[m[K:
[01m[K/home/neil/ros2_neil_ws/src/neil_localization_hack/src/geo_transform.cpp:[m[K In member function ‘[01m[Kvoid MapFrameInit::topic_callback(sensor_msgs::msg::NavSatFix_<std::allocator<void> >::SharedPtr)[m[K’:
[01m[K/home/neil/ros2_neil_ws/src/neil_localization_hack/src/geo_transform.cpp:59:80:[m[K [01;31m[Kerror: [m[K‘[01m[Kconst SharedPtr[m[K’ {aka ‘[01m[Kconst class std::shared_ptr<sensor_msgs::msg::NavSatFix_<std::allocator<void> > >[m[K’} has no member named ‘[01m[Klatitude[m[K’
   59 |     RCLCPP_INFO(this->get_logger(), "why are altitude values so big?? %d", msg.[01;31m[Klatitude[m[K);
      |                                                                                [01;31m[K^~~~~~~~[m[K
make[2]: *** [CMakeFiles/geo_transform.dir/build.make:63: CMakeFiles/geo_transform.dir/src/geo_transform.cpp.o] Error 1
make[1]: *** [CMakeFiles/Makefile2:78: CMakeFiles/geo_transform.dir/all] Error 2
make: *** [Makefile:141: all] Error 2
