[0.016s] Invoking command in '/home/neil/ros2_neil_ws/build/neil_localization_hack': CMAKE_PREFIX_PATH=/opt/ros/foxy /usr/bin/cmake --build /home/neil/ros2_neil_ws/build/neil_localization_hack -- -j8 -l8
[0.068s] [35m[1mScanning dependencies of target path_publisher[0m
[0.090s] [ 50%] Built target geo_transform
[0.102s] [ 75%] [32mBuilding CXX object CMakeFiles/path_publisher.dir/src/path_publisher.cpp.o[0m
[1.473s] [01m[K/home/neil/ros2_neil_ws/src/neil_localization_hack/src/path_publisher.cpp:[m[K In member function ‘[01m[Kvoid PathPublisher::timer_callback()[m[K’:
[1.473s] [01m[K/home/neil/ros2_neil_ws/src/neil_localization_hack/src/path_publisher.cpp:64:43:[m[K [01;31m[Kerror: [m[Kuse of deleted function ‘[01m[Kstd::unique_ptr<_Tp, _Dp>::unique_ptr(const std::unique_ptr<_Tp, _Dp>&) [with _Tp = nav_msgs::msg::Path_<std::allocator<void> >; _Dp = std::default_delete<nav_msgs::msg::Path_<std::allocator<void> > >][m[K’
[1.473s]    64 |         this->publisher_->publish(path_msg[01;31m[K)[m[K;
[1.473s]       |                                           [01;31m[K^[m[K
[1.473s] In file included from [01m[K/usr/include/c++/9/memory:80[m[K,
[1.473s]                  from [01m[K/home/neil/ros2_neil_ws/src/neil_localization_hack/src/path_publisher.cpp:3[m[K:
[1.473s] [01m[K/usr/include/c++/9/bits/unique_ptr.h:414:7:[m[K [01;36m[Knote: [m[Kdeclared here
[1.473s]   414 |       [01;36m[Kunique_ptr[m[K(const unique_ptr&) = delete;
[1.473s]       |       [01;36m[K^~~~~~~~~~[m[K
[1.474s] In file included from [01m[K/opt/ros/foxy/include/rclcpp/topic_statistics/subscription_topic_statistics.hpp:31[m[K,
[1.474s]                  from [01m[K/opt/ros/foxy/include/rclcpp/subscription.hpp:50[m[K,
[1.474s]                  from [01m[K/opt/ros/foxy/include/rclcpp/any_executable.hpp:25[m[K,
[1.474s]                  from [01m[K/opt/ros/foxy/include/rclcpp/memory_strategy.hpp:24[m[K,
[1.474s]                  from [01m[K/opt/ros/foxy/include/rclcpp/memory_strategies.hpp:18[m[K,
[1.474s]                  from [01m[K/opt/ros/foxy/include/rclcpp/executor_options.hpp:20[m[K,
[1.474s]                  from [01m[K/opt/ros/foxy/include/rclcpp/executor.hpp:33[m[K,
[1.474s]                  from [01m[K/opt/ros/foxy/include/rclcpp/executors/multi_threaded_executor.hpp:26[m[K,
[1.474s]                  from [01m[K/opt/ros/foxy/include/rclcpp/executors.hpp:21[m[K,
[1.474s]                  from [01m[K/opt/ros/foxy/include/rclcpp/rclcpp.hpp:146[m[K,
[1.474s]                  from [01m[K/home/neil/ros2_neil_ws/src/neil_localization_hack/src/path_publisher.cpp:6[m[K:
[1.474s] [01m[K/opt/ros/foxy/include/rclcpp/publisher.hpp:185:53:[m[K [01;36m[Knote: [m[K  initializing argument 1 of ‘[01m[Kvoid rclcpp::Publisher<MessageT, AllocatorT>::publish(std::unique_ptr<MessageT, typename std::conditional<std::is_same<typename std::allocator_traits<typename std::allocator_traits<_Alloc>::rebind_traits<MessageT>::allocator_type>::rebind_alloc<MessageT>, typename std::allocator<void>::rebind<_Tp1>::other>::value, std::default_delete<_Tp>, rclcpp::allocator::AllocatorDeleter<typename std::allocator_traits<_Alloc>::rebind_traits<MessageT>::allocator_type> >::type>) [with MessageT = nav_msgs::msg::Path_<std::allocator<void> >; AllocatorT = std::allocator<void>; typename std::conditional<std::is_same<typename std::allocator_traits<typename std::allocator_traits<_Alloc>::rebind_traits<MessageT>::allocator_type>::rebind_alloc<MessageT>, typename std::allocator<void>::rebind<_Tp1>::other>::value, std::default_delete<_Tp>, rclcpp::allocator::AllocatorDeleter<typename std::allocator_traits<_Alloc>::rebind_traits<MessageT>::allocator_type> >::type = std::default_delete<nav_msgs::msg::Path_<std::allocator<void> > >][m[K’
[1.474s]   185 |   publish([01;36m[Kstd::unique_ptr<MessageT, MessageDeleter> msg[m[K)
[1.474s]       |           [01;36m[K~~~~~~~~~~~~~~~~~~~~~~~~~~~~~~~~~~~~~~~~~~^~~[m[K
[1.474s] [01m[K/home/neil/ros2_neil_ws/src/neil_localization_hack/src/path_publisher.cpp:51:11:[m[K [01;35m[Kwarning: [m[Kunused variable ‘[01m[Kpath_size[m[K’ [[01;35m[K-Wunused-variable[m[K]
[1.475s]    51 |       int [01;35m[Kpath_size[m[K = this->current_path_.size();
[1.475s]       |           [01;35m[K^~~~~~~~~[m[K
[2.527s] make[2]: *** [CMakeFiles/path_publisher.dir/build.make:63: CMakeFiles/path_publisher.dir/src/path_publisher.cpp.o] Error 1
[2.527s] make[1]: *** [CMakeFiles/Makefile2:134: CMakeFiles/path_publisher.dir/all] Error 2
[2.527s] make: *** [Makefile:141: all] Error 2
[2.530s] Invoked command in '/home/neil/ros2_neil_ws/build/neil_localization_hack' returned '2': CMAKE_PREFIX_PATH=/opt/ros/foxy /usr/bin/cmake --build /home/neil/ros2_neil_ws/build/neil_localization_hack -- -j8 -l8
