[0.306s] DEBUG:colcon:Command line arguments: ['/usr/bin/colcon', 'build']
[0.306s] DEBUG:colcon:Parsed command line arguments: Namespace(allow_overriding=[], ament_cmake_args=None, base_paths=['.'], build_base='build', catkin_cmake_args=None, catkin_skip_building_tests=False, cmake_args=None, cmake_clean_cache=False, cmake_clean_first=False, cmake_force_configure=False, cmake_target=None, cmake_target_skip_unavailable=False, continue_on_error=False, event_handlers=None, executor='parallel', ignore_user_meta=False, install_base='install', log_base=None, log_level=None, main=<bound method BuildVerb.main of <colcon_core.verb.build.BuildVerb object at 0x7ff57fedf100>>, merge_install=False, metas=['./colcon.meta'], packages_above=None, packages_above_and_dependencies=None, packages_above_depth=None, packages_end=None, packages_ignore=None, packages_ignore_regex=None, packages_select=None, packages_select_build_failed=False, packages_select_by_dep=None, packages_select_regex=None, packages_select_test_failures=False, packages_skip=None, packages_skip_build_finished=False, packages_skip_by_dep=None, packages_skip_regex=None, packages_skip_test_passed=False, packages_skip_up_to=None, packages_start=None, packages_up_to=None, packages_up_to_regex=None, parallel_workers=8, paths=None, symlink_install=False, test_result_base=None, verb_extension=<colcon_core.verb.build.BuildVerb object at 0x7ff57fedf100>, verb_name='build', verb_parser=<colcon_defaults.argument_parser.defaults.DefaultArgumentsDecorator object at 0x7ff57fe240d0>)
[0.347s] Level 1:colcon.colcon_core.package_discovery:discover_packages(colcon_meta) check parameters
[0.347s] Level 1:colcon.colcon_core.package_discovery:discover_packages(recursive) check parameters
[0.347s] Level 1:colcon.colcon_core.package_discovery:discover_packages(ignore) check parameters
[0.347s] Level 1:colcon.colcon_core.package_discovery:discover_packages(path) check parameters
[0.347s] Level 1:colcon.colcon_core.package_discovery:discover_packages(colcon_meta) discover
[0.347s] Level 1:colcon.colcon_core.package_discovery:discover_packages(recursive) discover
[0.347s] INFO:colcon.colcon_core.package_discovery:Crawling recursively for packages in '/home/neil/ros2_neil_ws'
[0.347s] Level 1:colcon.colcon_core.package_identification:_identify(.) by extensions ['ignore', 'ignore_ament_install']
[0.348s] Level 1:colcon.colcon_core.package_identification:_identify(.) by extension 'ignore'
[0.348s] Level 1:colcon.colcon_core.package_identification:_identify(.) by extension 'ignore_ament_install'
[0.348s] Level 1:colcon.colcon_core.package_identification:_identify(.) by extensions ['colcon_pkg']
[0.348s] Level 1:colcon.colcon_core.package_identification:_identify(.) by extension 'colcon_pkg'
[0.348s] Level 1:colcon.colcon_core.package_identification:_identify(.) by extensions ['colcon_meta']
[0.348s] Level 1:colcon.colcon_core.package_identification:_identify(.) by extension 'colcon_meta'
[0.348s] Level 1:colcon.colcon_core.package_identification:_identify(.) by extensions ['ros']
[0.348s] Level 1:colcon.colcon_core.package_identification:_identify(.) by extension 'ros'
[0.364s] Level 1:colcon.colcon_core.package_identification:_identify(.) by extensions ['cmake', 'python']
[0.364s] Level 1:colcon.colcon_core.package_identification:_identify(.) by extension 'cmake'
[0.364s] Level 1:colcon.colcon_core.package_identification:_identify(.) by extension 'python'
[0.364s] Level 1:colcon.colcon_core.package_identification:_identify(.) by extensions ['python_setup_py']
[0.364s] Level 1:colcon.colcon_core.package_identification:_identify(.) by extension 'python_setup_py'
[0.364s] Level 1:colcon.colcon_core.package_identification:_identify(build) by extensions ['ignore', 'ignore_ament_install']
[0.364s] Level 1:colcon.colcon_core.package_identification:_identify(build) by extension 'ignore'
[0.364s] Level 1:colcon.colcon_core.package_identification:_identify(build) ignored
[0.364s] Level 1:colcon.colcon_core.package_identification:_identify(install) by extensions ['ignore', 'ignore_ament_install']
[0.364s] Level 1:colcon.colcon_core.package_identification:_identify(install) by extension 'ignore'
[0.364s] Level 1:colcon.colcon_core.package_identification:_identify(install) ignored
[0.364s] Level 1:colcon.colcon_core.package_identification:_identify(log) by extensions ['ignore', 'ignore_ament_install']
[0.364s] Level 1:colcon.colcon_core.package_identification:_identify(log) by extension 'ignore'
[0.365s] Level 1:colcon.colcon_core.package_identification:_identify(log) ignored
[0.365s] Level 1:colcon.colcon_core.package_identification:_identify(src) by extensions ['ignore', 'ignore_ament_install']
[0.365s] Level 1:colcon.colcon_core.package_identification:_identify(src) by extension 'ignore'
[0.365s] Level 1:colcon.colcon_core.package_identification:_identify(src) by extension 'ignore_ament_install'
[0.365s] Level 1:colcon.colcon_core.package_identification:_identify(src) by extensions ['colcon_pkg']
[0.365s] Level 1:colcon.colcon_core.package_identification:_identify(src) by extension 'colcon_pkg'
[0.365s] Level 1:colcon.colcon_core.package_identification:_identify(src) by extensions ['colcon_meta']
[0.365s] Level 1:colcon.colcon_core.package_identification:_identify(src) by extension 'colcon_meta'
[0.365s] Level 1:colcon.colcon_core.package_identification:_identify(src) by extensions ['ros']
[0.365s] Level 1:colcon.colcon_core.package_identification:_identify(src) by extension 'ros'
[0.365s] Level 1:colcon.colcon_core.package_identification:_identify(src) by extensions ['cmake', 'python']
[0.365s] Level 1:colcon.colcon_core.package_identification:_identify(src) by extension 'cmake'
[0.365s] Level 1:colcon.colcon_core.package_identification:_identify(src) by extension 'python'
[0.365s] Level 1:colcon.colcon_core.package_identification:_identify(src) by extensions ['python_setup_py']
[0.365s] Level 1:colcon.colcon_core.package_identification:_identify(src) by extension 'python_setup_py'
[0.365s] Level 1:colcon.colcon_core.package_identification:_identify(src/neil_localization_hack) by extensions ['ignore', 'ignore_ament_install']
[0.365s] Level 1:colcon.colcon_core.package_identification:_identify(src/neil_localization_hack) by extension 'ignore'
[0.365s] Level 1:colcon.colcon_core.package_identification:_identify(src/neil_localization_hack) by extension 'ignore_ament_install'
[0.365s] Level 1:colcon.colcon_core.package_identification:_identify(src/neil_localization_hack) by extensions ['colcon_pkg']
[0.365s] Level 1:colcon.colcon_core.package_identification:_identify(src/neil_localization_hack) by extension 'colcon_pkg'
[0.365s] Level 1:colcon.colcon_core.package_identification:_identify(src/neil_localization_hack) by extensions ['colcon_meta']
[0.366s] Level 1:colcon.colcon_core.package_identification:_identify(src/neil_localization_hack) by extension 'colcon_meta'
[0.366s] Level 1:colcon.colcon_core.package_identification:_identify(src/neil_localization_hack) by extensions ['ros']
[0.366s] Level 1:colcon.colcon_core.package_identification:_identify(src/neil_localization_hack) by extension 'ros'
[0.368s] DEBUG:colcon.colcon_core.package_identification:Package 'src/neil_localization_hack' with type 'ros.ament_cmake' and name 'neil_localization_hack'
[0.368s] Level 1:colcon.colcon_core.package_discovery:discover_packages(recursive) using defaults
[0.368s] Level 1:colcon.colcon_core.package_discovery:discover_packages(ignore) discover
[0.368s] Level 1:colcon.colcon_core.package_discovery:discover_packages(ignore) using defaults
[0.368s] Level 1:colcon.colcon_core.package_discovery:discover_packages(path) discover
[0.368s] Level 1:colcon.colcon_core.package_discovery:discover_packages(path) using defaults
[0.395s] Level 1:colcon.colcon_core.package_discovery:discover_packages(prefix_path) check parameters
[0.395s] Level 1:colcon.colcon_core.package_discovery:discover_packages(prefix_path) discover
[0.398s] DEBUG:colcon.colcon_installed_package_information.package_discovery:Found 1 installed packages in /home/neil/ros2_neil_ws/install
[0.400s] DEBUG:colcon.colcon_installed_package_information.package_discovery:Found 256 installed packages in /opt/ros/foxy
[0.402s] Level 1:colcon.colcon_core.package_discovery:discover_packages(prefix_path) using defaults
[0.462s] Level 5:colcon.colcon_core.verb:set package 'neil_localization_hack' build argument 'cmake_args' from command line to 'None'
[0.462s] Level 5:colcon.colcon_core.verb:set package 'neil_localization_hack' build argument 'cmake_target' from command line to 'None'
[0.462s] Level 5:colcon.colcon_core.verb:set package 'neil_localization_hack' build argument 'cmake_target_skip_unavailable' from command line to 'False'
[0.462s] Level 5:colcon.colcon_core.verb:set package 'neil_localization_hack' build argument 'cmake_clean_cache' from command line to 'False'
[0.462s] Level 5:colcon.colcon_core.verb:set package 'neil_localization_hack' build argument 'cmake_clean_first' from command line to 'False'
[0.462s] Level 5:colcon.colcon_core.verb:set package 'neil_localization_hack' build argument 'cmake_force_configure' from command line to 'False'
[0.462s] Level 5:colcon.colcon_core.verb:set package 'neil_localization_hack' build argument 'ament_cmake_args' from command line to 'None'
[0.462s] Level 5:colcon.colcon_core.verb:set package 'neil_localization_hack' build argument 'catkin_cmake_args' from command line to 'None'
[0.462s] Level 5:colcon.colcon_core.verb:set package 'neil_localization_hack' build argument 'catkin_skip_building_tests' from command line to 'False'
[0.463s] DEBUG:colcon.colcon_core.verb:Building package 'neil_localization_hack' with the following arguments: {'ament_cmake_args': None, 'build_base': '/home/neil/ros2_neil_ws/build/neil_localization_hack', 'catkin_cmake_args': None, 'catkin_skip_building_tests': False, 'cmake_args': None, 'cmake_clean_cache': False, 'cmake_clean_first': False, 'cmake_force_configure': False, 'cmake_target': None, 'cmake_target_skip_unavailable': False, 'install_base': '/home/neil/ros2_neil_ws/install/neil_localization_hack', 'merge_install': False, 'path': '/home/neil/ros2_neil_ws/src/neil_localization_hack', 'symlink_install': False, 'test_result_base': None}
[0.464s] INFO:colcon.colcon_core.executor:Executing jobs using 'parallel' executor
[0.471s] DEBUG:colcon.colcon_parallel_executor.executor.parallel:run_until_complete
[0.471s] INFO:colcon.colcon_ros.task.ament_cmake.build:Building ROS package in '/home/neil/ros2_neil_ws/src/neil_localization_hack' with build type 'ament_cmake'
[0.471s] INFO:colcon.colcon_cmake.task.cmake.build:Building CMake package in '/home/neil/ros2_neil_ws/src/neil_localization_hack'
[0.476s] INFO:colcon.colcon_core.plugin_system:Skipping extension 'colcon_core.shell.bat': Not used on non-Windows systems
[0.476s] INFO:colcon.colcon_core.shell:Skip shell extension 'powershell' for command environment: Not usable outside of PowerShell
[0.476s] DEBUG:colcon.colcon_core.shell:Skip shell extension 'dsv' for command environment
[0.491s] DEBUG:colcon.colcon_core.event_handler.log_command:Invoking command in '/home/neil/ros2_neil_ws/build/neil_localization_hack': CMAKE_PREFIX_PATH=${CMAKE_PREFIX_PATH}:/opt/ros/foxy /usr/bin/cmake --build /home/neil/ros2_neil_ws/build/neil_localization_hack -- -j8 -l8
[6.759s] DEBUG:colcon.colcon_core.event_handler.log_command:Invoked command in '/home/neil/ros2_neil_ws/build/neil_localization_hack' returned '0': CMAKE_PREFIX_PATH=${CMAKE_PREFIX_PATH}:/opt/ros/foxy /usr/bin/cmake --build /home/neil/ros2_neil_ws/build/neil_localization_hack -- -j8 -l8
[6.802s] DEBUG:colcon.colcon_core.event_handler.log_command:Invoking command in '/home/neil/ros2_neil_ws/build/neil_localization_hack': CMAKE_PREFIX_PATH=${CMAKE_PREFIX_PATH}:/opt/ros/foxy /usr/bin/cmake --install /home/neil/ros2_neil_ws/build/neil_localization_hack
[6.824s] Level 1:colcon.colcon_core.environment:create_environment_scripts_only(neil_localization_hack)
[6.828s] DEBUG:colcon.colcon_core.event_handler.log_command:Invoked command in '/home/neil/ros2_neil_ws/build/neil_localization_hack' returned '0': CMAKE_PREFIX_PATH=${CMAKE_PREFIX_PATH}:/opt/ros/foxy /usr/bin/cmake --install /home/neil/ros2_neil_ws/build/neil_localization_hack
[6.837s] Level 1:colcon.colcon_core.environment:checking '/home/neil/ros2_neil_ws/install/neil_localization_hack' for CMake module files
[6.838s] Level 1:colcon.colcon_core.environment:checking '/home/neil/ros2_neil_ws/install/neil_localization_hack' for CMake config files
[6.838s] Level 1:colcon.colcon_core.shell:create_environment_hook('neil_localization_hack', 'cmake_prefix_path')
[6.842s] INFO:colcon.colcon_core.shell:Creating environment hook '/home/neil/ros2_neil_ws/install/neil_localization_hack/share/neil_localization_hack/hook/cmake_prefix_path.ps1'
[6.843s] INFO:colcon.colcon_core.shell:Creating environment descriptor '/home/neil/ros2_neil_ws/install/neil_localization_hack/share/neil_localization_hack/hook/cmake_prefix_path.dsv'
[6.843s] INFO:colcon.colcon_core.shell:Creating environment hook '/home/neil/ros2_neil_ws/install/neil_localization_hack/share/neil_localization_hack/hook/cmake_prefix_path.sh'
[6.844s] Level 1:colcon.colcon_core.environment:checking '/home/neil/ros2_neil_ws/install/neil_localization_hack/lib'
[6.844s] Level 1:colcon.colcon_core.environment:checking '/home/neil/ros2_neil_ws/install/neil_localization_hack/bin'
[6.844s] Level 1:colcon.colcon_core.environment:checking '/home/neil/ros2_neil_ws/install/neil_localization_hack/lib/pkgconfig/neil_localization_hack.pc'
[6.845s] Level 1:colcon.colcon_core.environment:checking '/home/neil/ros2_neil_ws/install/neil_localization_hack/lib/python3.8/site-packages'
[6.845s] Level 1:colcon.colcon_core.environment:checking '/home/neil/ros2_neil_ws/install/neil_localization_hack/bin'
[6.849s] INFO:colcon.colcon_core.shell:Creating package script '/home/neil/ros2_neil_ws/install/neil_localization_hack/share/neil_localization_hack/package.ps1'
[6.850s] INFO:colcon.colcon_core.shell:Creating package descriptor '/home/neil/ros2_neil_ws/install/neil_localization_hack/share/neil_localization_hack/package.dsv'
[6.850s] INFO:colcon.colcon_core.shell:Creating package script '/home/neil/ros2_neil_ws/install/neil_localization_hack/share/neil_localization_hack/package.sh'
[6.851s] INFO:colcon.colcon_core.shell:Creating package script '/home/neil/ros2_neil_ws/install/neil_localization_hack/share/neil_localization_hack/package.bash'
[6.852s] INFO:colcon.colcon_core.shell:Creating package script '/home/neil/ros2_neil_ws/install/neil_localization_hack/share/neil_localization_hack/package.zsh'
[6.852s] Level 1:colcon.colcon_core.environment:create_file_with_runtime_dependencies(/home/neil/ros2_neil_ws/install/neil_localization_hack/share/colcon-core/packages/neil_localization_hack)
[6.881s] Level 1:colcon.colcon_core.environment:create_environment_scripts_only(neil_localization_hack)
[6.886s] Level 1:colcon.colcon_core.environment:checking '/home/neil/ros2_neil_ws/install/neil_localization_hack' for CMake module files
[6.886s] Level 1:colcon.colcon_core.environment:checking '/home/neil/ros2_neil_ws/install/neil_localization_hack' for CMake config files
[6.887s] Level 1:colcon.colcon_core.shell:create_environment_hook('neil_localization_hack', 'cmake_prefix_path')
[6.889s] INFO:colcon.colcon_core.shell:Creating environment hook '/home/neil/ros2_neil_ws/install/neil_localization_hack/share/neil_localization_hack/hook/cmake_prefix_path.ps1'
[6.890s] INFO:colcon.colcon_core.shell:Creating environment descriptor '/home/neil/ros2_neil_ws/install/neil_localization_hack/share/neil_localization_hack/hook/cmake_prefix_path.dsv'
[6.890s] INFO:colcon.colcon_core.shell:Creating environment hook '/home/neil/ros2_neil_ws/install/neil_localization_hack/share/neil_localization_hack/hook/cmake_prefix_path.sh'
[6.891s] Level 1:colcon.colcon_core.environment:checking '/home/neil/ros2_neil_ws/install/neil_localization_hack/lib'
[6.891s] Level 1:colcon.colcon_core.environment:checking '/home/neil/ros2_neil_ws/install/neil_localization_hack/bin'
[6.891s] Level 1:colcon.colcon_core.environment:checking '/home/neil/ros2_neil_ws/install/neil_localization_hack/lib/pkgconfig/neil_localization_hack.pc'
[6.891s] Level 1:colcon.colcon_core.environment:checking '/home/neil/ros2_neil_ws/install/neil_localization_hack/lib/python3.8/site-packages'
[6.891s] Level 1:colcon.colcon_core.environment:checking '/home/neil/ros2_neil_ws/install/neil_localization_hack/bin'
[6.896s] INFO:colcon.colcon_core.shell:Creating package script '/home/neil/ros2_neil_ws/install/neil_localization_hack/share/neil_localization_hack/package.ps1'
[6.897s] INFO:colcon.colcon_core.shell:Creating package descriptor '/home/neil/ros2_neil_ws/install/neil_localization_hack/share/neil_localization_hack/package.dsv'
[6.897s] INFO:colcon.colcon_core.shell:Creating package script '/home/neil/ros2_neil_ws/install/neil_localization_hack/share/neil_localization_hack/package.sh'
[6.897s] INFO:colcon.colcon_core.shell:Creating package script '/home/neil/ros2_neil_ws/install/neil_localization_hack/share/neil_localization_hack/package.bash'
[6.898s] INFO:colcon.colcon_core.shell:Creating package script '/home/neil/ros2_neil_ws/install/neil_localization_hack/share/neil_localization_hack/package.zsh'
[6.898s] Level 1:colcon.colcon_core.environment:create_file_with_runtime_dependencies(/home/neil/ros2_neil_ws/install/neil_localization_hack/share/colcon-core/packages/neil_localization_hack)
[6.898s] DEBUG:colcon.colcon_parallel_executor.executor.parallel:closing loop
[6.899s] DEBUG:colcon.colcon_parallel_executor.executor.parallel:loop closed
[6.899s] DEBUG:colcon.colcon_parallel_executor.executor.parallel:run_until_complete finished with '0'
[6.899s] DEBUG:colcon.colcon_core.event_reactor:joining thread
[6.905s] INFO:colcon.colcon_core.plugin_system:Skipping extension 'colcon_notification.desktop_notification.terminal_notifier': Not used on non-Darwin systems
[6.905s] INFO:colcon.colcon_core.plugin_system:Skipping extension 'colcon_notification.desktop_notification.win32': Not used on non-Windows systems
[6.905s] INFO:colcon.colcon_notification.desktop_notification:Sending desktop notification using 'notify2'
[6.925s] DEBUG:colcon.colcon_core.event_reactor:joined thread
[6.929s] INFO:colcon.colcon_core.shell:Creating prefix script '/home/neil/ros2_neil_ws/install/local_setup.ps1'
[6.931s] INFO:colcon.colcon_core.shell:Creating prefix util module '/home/neil/ros2_neil_ws/install/_local_setup_util_ps1.py'
[6.934s] INFO:colcon.colcon_core.shell:Creating prefix chain script '/home/neil/ros2_neil_ws/install/setup.ps1'
[6.936s] INFO:colcon.colcon_core.shell:Creating prefix script '/home/neil/ros2_neil_ws/install/local_setup.sh'
[6.936s] INFO:colcon.colcon_core.shell:Creating prefix util module '/home/neil/ros2_neil_ws/install/_local_setup_util_sh.py'
[6.937s] INFO:colcon.colcon_core.shell:Creating prefix chain script '/home/neil/ros2_neil_ws/install/setup.sh'
[6.939s] INFO:colcon.colcon_core.shell:Creating prefix script '/home/neil/ros2_neil_ws/install/local_setup.bash'
[6.940s] INFO:colcon.colcon_core.shell:Creating prefix chain script '/home/neil/ros2_neil_ws/install/setup.bash'
[6.942s] INFO:colcon.colcon_core.shell:Creating prefix script '/home/neil/ros2_neil_ws/install/local_setup.zsh'
[6.942s] INFO:colcon.colcon_core.shell:Creating prefix chain script '/home/neil/ros2_neil_ws/install/setup.zsh'
