[0.021s] Invoking command in '/home/neil/ros2_neil_ws/build/neil_localization_hack': CMAKE_PREFIX_PATH=/opt/ros/foxy /usr/bin/cmake --build /home/neil/ros2_neil_ws/build/neil_localization_hack -- -j8 -l8
[0.085s] -- Found ament_cmake: 0.9.12 (/opt/ros/foxy/share/ament_cmake/cmake)
[0.111s] -- Using PYTHON_EXECUTABLE: /usr/bin/python3
[0.309s] -- Found rclcpp: 2.4.3 (/opt/ros/foxy/share/rclcpp/cmake)
[0.358s] -- Using all available rosidl_typesupport_c: rosidl_typesupport_fastrtps_c;rosidl_typesupport_introspection_c
[0.362s] -- Found rosidl_adapter: 1.3.1 (/opt/ros/foxy/share/rosidl_adapter/cmake)
[0.487s] -- Using all available rosidl_typesupport_cpp: rosidl_typesupport_fastrtps_cpp;rosidl_typesupport_introspection_cpp
[0.545s] -- Found rmw_implementation_cmake: 1.0.4 (/opt/ros/foxy/share/rmw_implementation_cmake/cmake)
[0.547s] -- Using RMW implementation 'rmw_fastrtps_cpp' as default
[0.721s] -- Found sensor_msgs: 2.0.5 (/opt/ros/foxy/share/sensor_msgs/cmake)
[0.842s] -- Found nav_msgs: 2.0.5 (/opt/ros/foxy/share/nav_msgs/cmake)
[0.917s] -- Found tf2: 0.13.14 (/opt/ros/foxy/share/tf2/cmake)
[0.927s] -- Found tf2_ros: 0.13.14 (/opt/ros/foxy/share/tf2_ros/cmake)
[1.265s] -- Found ament_lint_auto: 0.9.8 (/opt/ros/foxy/share/ament_lint_auto/cmake)
[1.329s] -- Added test 'copyright' to check source files copyright and LICENSE
[1.331s] -- Added test 'cppcheck' to perform static code analysis on C / C++ code
[1.331s] -- Configured cppcheck include dirs: /home/neil/ros2_neil_ws/src/neil_localization_hack/include;$<BUILD_INTERFACE:/home/neil/ros2_neil_ws/src/neil_localization_hack/include>
[1.331s] -- Configured cppcheck exclude dirs and/or files: 
[1.332s] -- Added test 'cpplint' to check C / C++ code against the Google style
[1.332s] -- Configured cpplint exclude dirs and/or files: 
[1.333s] -- Added test 'lint_cmake' to check CMake code style
[1.334s] -- Added test 'uncrustify' to check C / C++ code style
[1.334s] -- Configured uncrustify additional arguments: 
[1.335s] -- Added test 'xmllint' to check XML markup files
[1.339s] -- Configuring done
[1.362s] -- Generating done
[1.365s] -- Build files have been written to: /home/neil/ros2_neil_ws/build/neil_localization_hack
[1.391s] [35m[1mScanning dependencies of target path_publisher[0m
[1.405s] [35m[1mScanning dependencies of target geo_transform[0m
[1.439s] [ 25%] [32mBuilding CXX object CMakeFiles/geo_transform.dir/src/geo_transform.cpp.o[0m
[1.591s] [ 50%] [32mBuilding CXX object CMakeFiles/path_publisher.dir/src/path_publisher.cpp.o[0m
[2.993s] [01m[K/home/neil/ros2_neil_ws/src/neil_localization_hack/src/path_publisher.cpp:86:10:[m[K [01;31m[Kerror: [m[Kextra qualification ‘[01m[KPathPublisher::[m[K’ on member ‘[01m[Kgenerate_pose[m[K’ [[01;31m[K-fpermissive[m[K]
[2.993s]    86 |     void [01;31m[KPathPublisher[m[K::generate_pose(const geometry_msgs::msg::TransformStamped& t){
[2.993s]       |          [01;31m[K^~~~~~~~~~~~~[m[K
[3.032s] [01m[K/home/neil/ros2_neil_ws/src/neil_localization_hack/src/path_publisher.cpp:[m[K In member function ‘[01m[Kvoid PathPublisher::timer_callback()[m[K’:
[3.033s] [01m[K/home/neil/ros2_neil_ws/src/neil_localization_hack/src/path_publisher.cpp:51:22:[m[K [01;31m[Kerror: [m[K‘[01m[Knav_msg[m[K’ has not been declared
[3.033s]    51 |       auto message = [01;31m[Knav_msg[m[K::msg::Path();
[3.033s]       |                      [01;31m[K^~~~~~~[m[K
[3.034s] [01m[K/home/neil/ros2_neil_ws/src/neil_localization_hack/src/path_publisher.cpp:[m[K In member function ‘[01m[Kvoid PathPublisher::generate_pose(const TransformStamped&)[m[K’:
[3.034s] [01m[K/home/neil/ros2_neil_ws/src/neil_localization_hack/src/path_publisher.cpp:98:15:[m[K [01;31m[Kerror: [m[K‘[01m[Kconst TransformStamped[m[K’ {aka ‘[01m[Kconst struct geometry_msgs::msg::TransformStamped_<std::allocator<void> >[m[K’} has no member named ‘[01m[Ktranslation[m[K’
[3.034s]    98 |       p.x = t.[01;31m[Ktranslation[m[K.at(0);
[3.034s]       |               [01;31m[K^~~~~~~~~~~[m[K
[3.034s] [01m[K/home/neil/ros2_neil_ws/src/neil_localization_hack/src/path_publisher.cpp:99:15:[m[K [01;31m[Kerror: [m[K‘[01m[Kconst TransformStamped[m[K’ {aka ‘[01m[Kconst struct geometry_msgs::msg::TransformStamped_<std::allocator<void> >[m[K’} has no member named ‘[01m[Ktranslation[m[K’
[3.035s]    99 |       p.y = t.[01;31m[Ktranslation[m[K.at(1);
[3.035s]       |               [01;31m[K^~~~~~~~~~~[m[K
[3.035s] [01m[K/home/neil/ros2_neil_ws/src/neil_localization_hack/src/path_publisher.cpp:100:15:[m[K [01;31m[Kerror: [m[K‘[01m[Kconst TransformStamped[m[K’ {aka ‘[01m[Kconst struct geometry_msgs::msg::TransformStamped_<std::allocator<void> >[m[K’} has no member named ‘[01m[Ktranslation[m[K’
[3.035s]   100 |       p.z = t.[01;31m[Ktranslation[m[K.at(2);
[3.035s]       |               [01;31m[K^~~~~~~~~~~[m[K
[3.035s] [01m[K/home/neil/ros2_neil_ws/src/neil_localization_hack/src/path_publisher.cpp:115:39:[m[K [01;31m[Kerror: [m[Kexpected ‘[01m[K;[m[K’ before ‘[01m[K}[m[K’ token
[3.035s]   115 |       this->current_path_.push_back(s)
[3.035s]       |                                       [01;31m[K^[m[K
[3.036s]       |                                       [32m[K;[m[K
[3.036s] ......
[3.036s]   118 |     [32m[K}[m[K
[3.036s]       |     [32m[K~[m[K                                  
[4.117s] make[2]: *** [CMakeFiles/path_publisher.dir/build.make:63: CMakeFiles/path_publisher.dir/src/path_publisher.cpp.o] Error 1
[4.118s] make[1]: *** [CMakeFiles/Makefile2:134: CMakeFiles/path_publisher.dir/all] Error 2
[4.118s] make[1]: *** Waiting for unfinished jobs....
[6.862s] [ 75%] [32m[1mLinking CXX executable geo_transform[0m
[7.274s] [ 75%] Built target geo_transform
[7.276s] make: *** [Makefile:141: all] Error 2
[7.278s] Invoked command in '/home/neil/ros2_neil_ws/build/neil_localization_hack' returned '2': CMAKE_PREFIX_PATH=/opt/ros/foxy /usr/bin/cmake --build /home/neil/ros2_neil_ws/build/neil_localization_hack -- -j8 -l8
